2019-04-19 09:37:55.607827 +0800 CST m=+0.008946701 INFO spgd starting...
2019-04-19 09:37:55.645726 +0800 CST m=+0.046845701 INFO SetupEnviroment ...
2019-04-19 09:37:55.6467238 +0800 CST m=+0.047843501 INFO SetupMessageThread ...
2019-04-19 09:37:55.6467238 +0800 CST m=+0.047843501 INFO Input arguments in command line:
2019-04-19 09:37:55.6467238 +0800 CST m=+0.047843501 INFO -rpcpassword=123456
2019-04-19 09:37:55.6467238 +0800 CST m=+0.047843501 INFO -rpcport=8854
2019-04-19 09:37:55.6467238 +0800 CST m=+0.047843501 INFO -reindex=true
2019-04-19 09:37:55.6467238 +0800 CST m=+0.047843501 INFO -datadir=C:\Users\ghwsl\AppData\Roaming\spg
2019-04-19 09:37:55.6467238 +0800 CST m=+0.047843501 INFO -rpcuser=username
2019-04-19 10:28:53.3581999 +0800 CST m=+0.007978701 INFO spgd starting...
2019-04-19 10:28:53.3971273 +0800 CST m=+0.046906101 INFO SetupEnviroment ...
2019-04-19 10:28:53.3971273 +0800 CST m=+0.046906101 INFO SetupMessageThread ...
2019-04-19 10:28:53.3971273 +0800 CST m=+0.046906101 INFO Input arguments in command line:
2019-04-19 10:28:53.3971273 +0800 CST m=+0.046906101 INFO -rpcport=8854
2019-04-19 10:28:53.3971273 +0800 CST m=+0.046906101 INFO -reindex=true
2019-04-19 10:28:53.3971273 +0800 CST m=+0.046906101 INFO -datadir=C:\Users\ghwsl\AppData\Roaming\spg
2019-04-19 10:28:53.3971273 +0800 CST m=+0.046906101 INFO -rpcuser=username
2019-04-19 10:28:53.3971273 +0800 CST m=+0.046906101 INFO -rpcpassword=123456
2019-04-19 10:29:28.3310334 +0800 CST m=+0.007978501 INFO spgd starting...
2019-04-19 10:29:28.3699595 +0800 CST m=+0.046904601 INFO SetupEnviroment ...
2019-04-19 10:29:28.3709278 +0800 CST m=+0.047872901 INFO SetupMessageThread ...
2019-04-19 10:29:28.3709278 +0800 CST m=+0.047872901 INFO Input arguments in command line:
2019-04-19 10:29:28.3709278 +0800 CST m=+0.047872901 INFO -h=
2019-04-19 10:29:43.5579401 +0800 CST m=+0.008002701 INFO spgd starting...
2019-04-19 10:29:43.5938186 +0800 CST m=+0.043881201 INFO SetupEnviroment ...
2019-04-19 10:29:43.5948158 +0800 CST m=+0.044878401 INFO SetupMessageThread ...
2019-04-19 10:29:43.5948158 +0800 CST m=+0.044878401 INFO Input arguments in command line:
2019-04-19 10:29:43.5958134 +0800 CST m=+0.045876001 INFO -?=
2019-04-19 10:29:47.1168725 +0800 CST m=+0.007971701 INFO spgd starting...
2019-04-19 10:29:47.1507873 +0800 CST m=+0.041886501 INFO SetupEnviroment ...
2019-04-19 10:29:47.1517501 +0800 CST m=+0.042849301 INFO SetupMessageThread ...
2019-04-19 10:29:47.1517501 +0800 CST m=+0.042849301 INFO Input arguments in command line:
2019-04-19 10:29:47.1527479 +0800 CST m=+0.043847101 INFO -?=
2019-04-19 10:30:00.4934947 +0800 CST m=+0.007947201 INFO spgd starting...
2019-04-19 10:30:00.5264378 +0800 CST m=+0.040890301 INFO SetupEnviroment ...
2019-04-19 10:30:00.5274361 +0800 CST m=+0.041888601 INFO SetupMessageThread ...
2019-04-19 10:30:00.5274361 +0800 CST m=+0.041888601 INFO Input arguments in command line:
2019-04-19 10:30:00.5284376 +0800 CST m=+0.042890101 INFO -h=
2019-04-19 10:30:40.9309594 +0800 CST m=+0.007978401 INFO spgd starting...
2019-04-19 10:30:40.9678608 +0800 CST m=+0.044879801 INFO SetupEnviroment ...
2019-04-19 10:30:40.9678608 +0800 CST m=+0.044879801 INFO SetupMessageThread ...
2019-04-19 10:30:43.9175238 +0800 CST m=+2.994542801 INFO Input arguments in command line:
2019-04-19 10:30:43.9175238 +0800 CST m=+2.994542801 INFO -h=
2019-04-19 10:31:47.8608011 +0800 CST m=+0.007979601 INFO spgd starting...
2019-04-19 10:31:47.8937119 +0800 CST m=+0.040890401 INFO SetupEnviroment ...
2019-04-19 10:31:47.8947392 +0800 CST m=+0.041917701 INFO SetupMessageThread ...
2019-04-19 10:31:47.8947392 +0800 CST m=+0.041917701 INFO Input arguments in command line:
2019-04-19 10:31:47.8957359 +0800 CST m=+0.042914401 INFO -h=
2019-04-19 10:32:39.7051373 +0800 CST m=+0.008975801 INFO spgd starting...
2019-04-19 10:32:39.7390464 +0800 CST m=+0.042884901 INFO SetupEnviroment ...
2019-04-19 10:32:39.7390464 +0800 CST m=+0.042884901 INFO SetupMessageThread ...
2019-04-19 10:32:39.7390464 +0800 CST m=+0.042884901 INFO Input arguments in command line:
2019-04-19 10:32:39.7390464 +0800 CST m=+0.042884901 INFO -h=
2019-04-19 10:33:07.8589912 +0800 CST m=+0.007979401 INFO spgd starting...
2019-04-19 10:33:07.8919315 +0800 CST m=+0.040919701 INFO SetupEnviroment ...
2019-04-19 10:33:07.8929007 +0800 CST m=+0.041888901 INFO SetupMessageThread ...
2019-04-19 10:33:07.8929007 +0800 CST m=+0.041888901 INFO Input arguments in command line:
2019-04-19 10:33:07.8929007 +0800 CST m=+0.041888901 INFO -h=
2019-04-19 10:33:38.8100064 +0800 CST m=+0.008979001 INFO spgd starting...
2019-04-19 10:33:38.8429405 +0800 CST m=+0.041913101 INFO SetupEnviroment ...
2019-04-19 10:33:38.8439529 +0800 CST m=+0.042925501 INFO SetupMessageThread ...
2019-04-19 10:33:38.8439529 +0800 CST m=+0.042925501 INFO Input arguments in command line:
2019-04-19 10:33:38.8439529 +0800 CST m=+0.042925501 INFO -h=
2019-04-22 09:19:25.7199429 +0800 CST m=+0.008976601 INFO spgd starting...
2019-04-22 09:19:25.7538788 +0800 CST m=+0.042912501 INFO SetupEnviroment ...
2019-04-22 09:19:25.7548483 +0800 CST m=+0.043882001 INFO SetupMessageThread ...
2019-04-22 09:19:25.7548483 +0800 CST m=+0.043882001 INFO Input arguments in command line:
2019-04-22 09:29:10.3338023 +0800 CST m=+0.008041801 INFO spgd starting...
2019-04-22 09:29:10.3668016 +0800 CST m=+0.041041101 INFO SetupEnviroment ...
2019-04-22 09:29:10.3668016 +0800 CST m=+0.041041101 INFO SetupMessageThread ...
2019-04-22 09:29:10.3668016 +0800 CST m=+0.041041101 INFO Input arguments in command line:
2019-04-22 10:09:31.326464 +0800 CST m=+0.008029601 INFO spgd starting...
2019-04-22 10:09:31.3623677 +0800 CST m=+0.043933301 INFO SetupEnviroment ...
2019-04-22 10:09:31.3623677 +0800 CST m=+0.043933301 INFO SetupMessageThread ...
2019-04-22 10:09:31.3623677 +0800 CST m=+0.043933301 INFO Input arguments in command line:
2019-04-22 10:56:44.5490073 +0800 CST m=+0.007978001 INFO spgd starting...
2019-04-22 10:56:44.58492 +0800 CST m=+0.043890701 INFO SetupEnviroment ...
2019-04-22 10:56:44.58492 +0800 CST m=+0.043890701 INFO SetupMessageThread ...
2019-04-22 10:56:44.58492 +0800 CST m=+0.043890701 INFO Input arguments in command line:
2019-04-22 10:56:44.58492 +0800 CST m=+0.043890701 INFO -h=
2019-04-22 11:16:00.9771048 +0800 CST m=+0.008012501 INFO spgd starting...
2019-04-22 11:16:01.0120439 +0800 CST m=+0.042951601 INFO SetupEnviroment ...
2019-04-22 11:16:01.0120439 +0800 CST m=+0.042951601 INFO SetupMessageThread ...
2019-04-22 11:16:01.0120439 +0800 CST m=+0.042951601 INFO Input arguments in command line:
2019-04-22 11:16:46.4241081 +0800 CST m=+0.009007101 INFO spgd starting...
2019-04-22 11:16:46.4580152 +0800 CST m=+0.042914201 INFO SetupEnviroment ...
2019-04-22 11:16:46.4580152 +0800 CST m=+0.042914201 INFO SetupMessageThread ...
2019-04-22 11:16:46.4580152 +0800 CST m=+0.042914201 INFO Input arguments in command line:
2019-04-22 11:18:03.8079816 +0800 CST m=+0.008008001 INFO spgd starting...
2019-04-22 11:18:03.8428904 +0800 CST m=+0.042916801 INFO SetupEnviroment ...
2019-04-22 11:18:03.8428904 +0800 CST m=+0.042916801 INFO SetupMessageThread ...
2019-04-22 11:18:03.8428904 +0800 CST m=+0.042916801 INFO Input arguments in command line:
2019-04-22 11:22:10.5119231 +0800 CST m=+0.009008801 INFO spgd starting...
2019-04-22 11:22:10.5458287 +0800 CST m=+0.042914401 INFO SetupEnviroment ...
2019-04-22 11:22:10.5458287 +0800 CST m=+0.042914401 INFO SetupMessageThread ...
2019-04-22 11:22:10.5458287 +0800 CST m=+0.042914401 INFO Input arguments in command line:
2019-04-22 11:22:10.5458287 +0800 CST m=+0.042914401 INFO -h=
2019-04-22 11:22:37.3074303 +0800 CST m=+0.007978901 INFO spgd starting...
2019-04-22 11:22:37.341391 +0800 CST m=+0.041939601 INFO SetupEnviroment ...
2019-04-22 11:22:37.341391 +0800 CST m=+0.041939601 INFO SetupMessageThread ...
2019-04-22 11:22:37.341391 +0800 CST m=+0.041939601 INFO Input arguments in command line:
2019-04-22 11:22:37.341391 +0800 CST m=+0.041939601 INFO -h=
2019-04-22 11:28:20.1705173 +0800 CST m=+0.008981901 INFO spgd starting...
2019-04-22 11:28:20.2054265 +0800 CST m=+0.043891101 INFO SetupEnviroment ...
2019-04-22 11:28:20.2054265 +0800 CST m=+0.043891101 INFO SetupMessageThread ...
2019-04-22 11:28:20.2054265 +0800 CST m=+0.043891101 INFO Input arguments in command line:
2019-04-22 11:28:20.2054265 +0800 CST m=+0.043891101 INFO -h=
2019-04-22 11:33:29.128143 +0800 CST m=+0.008055301 INFO spgd starting...
2019-04-22 11:33:29.1630789 +0800 CST m=+0.042991201 INFO SetupEnviroment ...
2019-04-22 11:33:29.1630789 +0800 CST m=+0.042991201 INFO SetupMessageThread ...
2019-04-22 11:33:29.1630789 +0800 CST m=+0.042991201 INFO Input arguments in command line:
2019-04-22 11:33:29.1630789 +0800 CST m=+0.042991201 INFO -h=
2019-04-22 11:54:24.9777946 +0800 CST m=+0.007995201 INFO spgd starting...
2019-04-22 11:54:25.0117036 +0800 CST m=+0.041904201 INFO SetupEnviroment ...
2019-04-22 11:54:25.0117036 +0800 CST m=+0.041904201 INFO SetupMessageThread ...
2019-04-22 11:54:25.0117036 +0800 CST m=+0.041904201 INFO Input arguments in command line:
2019-04-22 11:55:27.4494748 +0800 CST m=+0.009008701 INFO spgd starting...
2019-04-22 11:55:27.4843778 +0800 CST m=+0.043911701 INFO SetupEnviroment ...
2019-04-22 11:55:27.4843778 +0800 CST m=+0.043911701 INFO SetupMessageThread ...
2019-04-22 11:55:27.4843778 +0800 CST m=+0.043911701 INFO Input arguments in command line:
2019-04-22 11:56:11.5325021 +0800 CST m=+0.008976401 INFO spgd starting...
2019-04-22 11:56:11.566411 +0800 CST m=+0.042885301 INFO SetupEnviroment ...
2019-04-22 11:56:11.566411 +0800 CST m=+0.042885301 INFO SetupMessageThread ...
2019-04-22 11:56:11.566411 +0800 CST m=+0.042885301 INFO Input arguments in command line:
2019-04-22 11:56:40.0149142 +0800 CST m=+0.008027701 INFO spgd starting...
2019-04-22 11:56:40.0498031 +0800 CST m=+0.042916601 INFO SetupEnviroment ...
2019-04-22 11:56:40.0498031 +0800 CST m=+0.042916601 INFO SetupMessageThread ...
2019-04-22 11:56:40.0498031 +0800 CST m=+0.042916601 INFO Input arguments in command line:
2019-04-22 11:56:48.5356787 +0800 CST m=+0.007978201 INFO spgd starting...
2019-04-22 11:56:48.5715818 +0800 CST m=+0.043881301 INFO SetupEnviroment ...
2019-04-22 11:56:48.5715818 +0800 CST m=+0.043881301 INFO SetupMessageThread ...
2019-04-22 11:56:48.5715818 +0800 CST m=+0.043881301 INFO Input arguments in command line:
2019-04-22 11:59:26.8647532 +0800 CST m=+0.008008701 INFO spgd starting...
2019-04-22 11:59:26.8996584 +0800 CST m=+0.042913901 INFO SetupEnviroment ...
2019-04-22 11:59:26.8996584 +0800 CST m=+0.042913901 INFO SetupMessageThread ...
2019-04-22 11:59:26.8996584 +0800 CST m=+0.042913901 INFO Input arguments in command line:
2019-04-22 11:59:40.2018849 +0800 CST m=+0.009971801 INFO spgd starting...
2019-04-22 11:59:40.2378176 +0800 CST m=+0.045904501 INFO SetupEnviroment ...
2019-04-22 11:59:40.2378176 +0800 CST m=+0.045904501 INFO SetupMessageThread ...
2019-04-22 11:59:40.2378176 +0800 CST m=+0.045904501 INFO Input arguments in command line:
2019-04-22 13:59:45.4535018 +0800 CST m=+0.007978901 INFO spgd starting...
2019-04-22 13:59:45.4874128 +0800 CST m=+0.041889901 INFO SetupEnviroment ...
2019-04-22 13:59:45.4874128 +0800 CST m=+0.041889901 INFO SetupMessageThread ...
2019-04-22 13:59:45.4874128 +0800 CST m=+0.041889901 INFO Input arguments in command line:
2019-04-22 13:59:45.4874128 +0800 CST m=+0.041889901 INFO -h=
2019-04-22 14:01:19.7679434 +0800 CST m=+0.008041501 INFO spgd starting...
2019-04-22 14:01:19.8028487 +0800 CST m=+0.042946801 INFO SetupEnviroment ...
2019-04-22 14:01:19.8028487 +0800 CST m=+0.042946801 INFO SetupMessageThread ...
2019-04-22 14:01:19.8028487 +0800 CST m=+0.042946801 INFO Input arguments in command line:
2019-04-22 14:01:19.8028487 +0800 CST m=+0.042946801 INFO -h=
2019-04-22 14:01:50.8100407 +0800 CST m=+0.007978901 INFO spgd starting...
2019-04-22 14:01:50.844978 +0800 CST m=+0.042916201 INFO SetupEnviroment ...
2019-04-22 14:01:50.844978 +0800 CST m=+0.042916201 INFO SetupMessageThread ...
2019-04-22 14:01:50.844978 +0800 CST m=+0.042916201 INFO Input arguments in command line:
2019-04-22 14:01:50.844978 +0800 CST m=+0.042916201 INFO -h=
2019-04-22 14:01:55.6561392 +0800 CST m=+0.008975301 INFO spgd starting...
2019-04-22 14:01:55.6930404 +0800 CST m=+0.045876501 INFO SetupEnviroment ...
2019-04-22 14:01:55.6930404 +0800 CST m=+0.045876501 INFO SetupMessageThread ...
2019-04-22 14:01:55.6930404 +0800 CST m=+0.045876501 INFO Input arguments in command line:
2019-04-22 14:01:55.6930404 +0800 CST m=+0.045876501 INFO -h=
2019-04-22 14:02:06.981438 +0800 CST m=+0.009005001 INFO spgd starting...
2019-04-22 14:02:07.0203339 +0800 CST m=+0.047900901 INFO SetupEnviroment ...
2019-04-22 14:02:07.0203339 +0800 CST m=+0.047900901 INFO SetupMessageThread ...
2019-04-22 14:02:07.0203339 +0800 CST m=+0.047900901 INFO Input arguments in command line:
2019-04-22 14:02:38.4097727 +0800 CST m=+0.008000601 INFO spgd starting...
2019-04-22 14:02:38.4436837 +0800 CST m=+0.041911601 INFO SetupEnviroment ...
2019-04-22 14:02:38.4436837 +0800 CST m=+0.041911601 INFO SetupMessageThread ...
2019-04-22 14:02:38.4436837 +0800 CST m=+0.041911601 INFO Input arguments in command line:
2019-04-22 14:02:38.4436837 +0800 CST m=+0.041911601 INFO Default data directory C:\Users\ghwsl\AppData\Roaming\SuperGoldChain
2019-04-22 14:03:00.7748086 +0800 CST m=+0.009004301 INFO spgd starting...
2019-04-22 14:03:00.8127096 +0800 CST m=+0.046905301 INFO SetupEnviroment ...
2019-04-22 14:03:00.8127096 +0800 CST m=+0.046905301 INFO SetupMessageThread ...
2019-04-22 14:03:00.8127096 +0800 CST m=+0.046905301 INFO Input arguments in command line:
2019-04-22 14:03:05.9625331 +0800 CST m=+5.196728801 INFO Default data directory C:\Users\ghwsl\AppData\Roaming\SuperGoldChain
2019-04-22 14:04:09.5424002 +0800 CST m=+0.009004701 INFO spgd starting...
2019-04-22 14:04:09.5812997 +0800 CST m=+0.047904201 INFO SetupEnviroment ...
2019-04-22 14:04:09.5812997 +0800 CST m=+0.047904201 INFO SetupMessageThread ...
2019-04-22 14:04:09.5812997 +0800 CST m=+0.047904201 INFO Input arguments in command line:
2019-04-22 14:04:11.9124492 +0800 CST m=+2.379053701 INFO Default data directory C:\Users\ghwsl\AppData\Roaming\SuperGoldChain
2019-04-22 14:04:23.7818341 +0800 CST m=+14.248438601 INFO Using data directory C:\Users\ghwsl\AppData\Roaming\SuperGoldChain
2019-04-22 14:18:59.7303117 +0800 CST m=+0.008976601 INFO spgd starting...
2019-04-22 14:18:59.7672136 +0800 CST m=+0.045878501 INFO SetupEnviroment ...
2019-04-22 14:18:59.7672136 +0800 CST m=+0.045878501 INFO SetupMessageThread ...
2019-04-22 14:18:59.7672136 +0800 CST m=+0.045878501 INFO Input arguments in command line:
2019-04-22 14:18:59.7672136 +0800 CST m=+0.045878501 INFO Default data directory C:\Users\ghwsl\AppData\Roaming\SuperGoldChain
2019-04-22 14:18:59.7672136 +0800 CST m=+0.045878501 INFO Using data directory C:\Users\ghwsl\AppData\Roaming\SuperGoldChain
2019-04-22 14:19:09.3476109 +0800 CST m=+0.007978601 INFO spgd starting...
2019-04-22 14:19:09.3825172 +0800 CST m=+0.042884901 INFO SetupEnviroment ...
2019-04-22 14:19:09.3825172 +0800 CST m=+0.042884901 INFO SetupMessageThread ...
2019-04-22 14:19:09.3825172 +0800 CST m=+0.042884901 INFO Input arguments in command line:
2019-04-22 14:19:09.3825172 +0800 CST m=+0.042884901 INFO Default data directory C:\Users\ghwsl\AppData\Roaming\SuperGoldChain
2019-04-22 14:19:09.3825172 +0800 CST m=+0.042884901 INFO Using data directory C:\Users\ghwsl\AppData\Roaming\SuperGoldChain
2019-04-22 14:19:26.552379 +0800 CST m=+0.009004901 INFO spgd starting...
2019-04-22 14:19:26.5882828 +0800 CST m=+0.044908701 INFO SetupEnviroment ...
2019-04-22 14:19:26.5892837 +0800 CST m=+0.045909601 INFO SetupMessageThread ...
2019-04-22 14:19:26.5892837 +0800 CST m=+0.045909601 INFO Input arguments in command line:
2019-04-22 14:19:26.5892837 +0800 CST m=+0.045909601 INFO Default data directory C:\Users\ghwsl\AppData\Roaming\SuperGoldChain
2019-04-22 14:19:26.5892837 +0800 CST m=+0.045909601 INFO Using data directory C:\Users\ghwsl\AppData\Roaming\SuperGoldChain
2019-04-22 14:19:58.4067951 +0800 CST m=+0.007978301 INFO spgd starting...
2019-04-22 14:19:58.4447224 +0800 CST m=+0.045905601 INFO SetupEnviroment ...
2019-04-22 14:19:58.4447224 +0800 CST m=+0.045905601 INFO SetupMessageThread ...
2019-04-22 14:19:58.4447224 +0800 CST m=+0.045905601 INFO Input arguments in command line:
2019-04-22 14:19:58.4447224 +0800 CST m=+0.045905601 INFO Default data directory C:\Users\ghwsl\AppData\Roaming\SuperGoldChain
2019-04-22 14:19:58.4447224 +0800 CST m=+0.045905601 INFO Using data directory C:\Users\ghwsl\AppData\Roaming\SuperGoldChain
2019-04-22 14:20:26.3996196 +0800 CST m=+0.008975001 INFO spgd starting...
2019-04-22 14:20:26.4375181 +0800 CST m=+0.046873501 INFO SetupEnviroment ...
2019-04-22 14:20:26.4375181 +0800 CST m=+0.046873501 INFO SetupMessageThread ...
2019-04-22 14:20:26.4375181 +0800 CST m=+0.046873501 INFO Input arguments in command line:
2019-04-22 14:20:26.4375181 +0800 CST m=+0.046873501 INFO Default data directory C:\Users\ghwsl\AppData\Roaming\SuperGoldChain
2019-04-22 14:20:26.4375181 +0800 CST m=+0.046873501 INFO Using data directory C:\Users\ghwsl\AppData\Roaming\SuperGoldChain
2019-04-22 14:20:32.9383777 +0800 CST m=+6.547733101 INFO Using config file C:\Users\ghwsl\AppData\Roaming\SuperGoldChain\SuperGoldChain.conf
